


ARM Macro Assembler    Page 1 


    1 00000000 E0028008 
                       IO0DIR  EQU              0XE0028008
    2 00000000 E0028004 
                       IO0SET  EQU              0XE0028004
    3 00000000 E002800C 
                       IO0CLR  EQU              0XE002800C
    4 00000000                 AREA             CHANG ,CODE, READONLY
    5 00000000                 EXPORT           __main
    6 00000000         __main
    7 00000000                 ENTRY
    8 00000000 E59F1060        LDR              r1,=IO0DIR
    9 00000004 E59F0060        LDR              r0,=0xF0FF0000
   10 00000008 E5810000        STR              r0,[r1]
   11 0000000C E59F205C        LDR              r2,=IO0SET
   12 00000010 E59F305C        LDR              r3,=IO0CLR
   13 00000014 E5830000 
                       S       STR              R0,[R3]
   14 00000018 E59F1058        LDR              R1,=0X803F0000
   15 0000001C E5821000        STR              R1,[R2]
   16 00000020 EB00000C        BL               DELAY
   17 00000024 E5830000        STR              R0,[R3]
   18 00000028 E59F104C        LDR              R1,=0X40060000
   19 0000002C E5821000        STR              R1,[R2]
   20 00000030 EB000008        BL               DELAY
   21 00000034 E5830000        STR              R0, [R3]
   22 00000038 E59F1040        LDR              R1,=0X205B0000
   23 0000003C E5821000        STR              R1,[R2]
   24 00000040 EB000004        BL               DELAY
   25 00000044 E5830000        STR              R0,[R3]
   26 00000048 E59F1034        LDR              R1,= 0X104F0000
   27 0000004C E5821000        STR              R1,[R2]
   28 00000050 EB000000        BL               DELAY
   29 00000054 EAFFFFEE        B                S
   30 00000058         DELAY
   31 00000058 E59F5028        LDR              r5, =0X2FFF
   32 0000005C E2555001 
                       delay   SUBS             r5, r5, #1
   33 00000060 1AFFFFFC        BNE              DELAY
   34 00000064 E12FFF1E        BX               LR
   35 00000068                 end
              E0028008 
              F0FF0000 
              E0028004 
              E002800C 
              803F0000 
              40060000 
              205B0000 
              104F0000 
              00002FFF 
Command Line: --debug --xref --apcs=interwork --depend=.\ex1.d -o.\ex1.o -IC:\K
eil\ARM\RV31\INC -IC:\Keil\ARM\CMSIS\Include -IC:\Keil\ARM\Inc\Philips --predef
ine="__EVAL SETA 1" --predefine="__MICROLIB SETA 1" --list=.\ex1.lst Ex1.asm



ARM Macro Assembler    Page 1 Alphabetic symbol ordering
Relocatable symbols

CHANG 00000000

Symbol: CHANG
   Definitions
      At line 4 in file Ex1.asm
   Uses
      None
Comment: CHANG unused
DELAY 00000058

Symbol: DELAY
   Definitions
      At line 30 in file Ex1.asm
   Uses
      At line 16 in file Ex1.asm
      At line 20 in file Ex1.asm
      At line 24 in file Ex1.asm
      At line 28 in file Ex1.asm
      At line 33 in file Ex1.asm

S 00000014

Symbol: S
   Definitions
      At line 13 in file Ex1.asm
   Uses
      At line 29 in file Ex1.asm
Comment: S used once
__main 00000000

Symbol: __main
   Definitions
      At line 6 in file Ex1.asm
   Uses
      At line 5 in file Ex1.asm
Comment: __main used once
delay 0000005C

Symbol: delay
   Definitions
      At line 32 in file Ex1.asm
   Uses
      None
Comment: delay unused
5 symbols



ARM Macro Assembler    Page 1 Alphabetic symbol ordering
Absolute symbols

IO0CLR E002800C

Symbol: IO0CLR
   Definitions
      At line 3 in file Ex1.asm
   Uses
      At line 12 in file Ex1.asm
Comment: IO0CLR used once
IO0DIR E0028008

Symbol: IO0DIR
   Definitions
      At line 1 in file Ex1.asm
   Uses
      At line 8 in file Ex1.asm
Comment: IO0DIR used once
IO0SET E0028004

Symbol: IO0SET
   Definitions
      At line 2 in file Ex1.asm
   Uses
      At line 11 in file Ex1.asm
Comment: IO0SET used once
3 symbols
342 symbols in table
