


ARM Macro Assembler    Page 1 


    1 00000000                 AREA             PROGRAM1, CODE, READONLY
    2 00000000                 ENTRY
    3 00000000 E59F1040        LDR              R1,NUM1
    4 00000004 E59F2040        LDR              R2,NUM2
    5 00000008 E59F0040        LDR              R0,=RES
    6 0000000C E0813002        ADD              R3,R1,R2
    7 00000010 E4803004        STR              R3,[R0],#4
    8 00000014 E0A13002        ADC              R3,R1,R2
    9 00000018 E4803004        STR              R3,[R0],#4
   10 0000001C E0413002        SUB              R3,R1,R2
   11 00000020 E4803004        STR              R3,[R0],#4
   12 00000024 E0C13002        SBC              R3,R1,R2
   13 00000028 E4803004        STR              R3,[R0],#4
   14 0000002C E0613002        RSB              R3,R1,R2
   15 00000030 E4803004        STR              R3,[R0],#4
   16 00000034 E0E13002        RSC              R3,R1,R2
   17 00000038 E4803004        STR              R3,[R0],#4
   18 0000003C E1C13002        BIC              R3,R1,R2
   19 00000040 E5803000        STR              R3,[R0]
   20 00000044 EAFFFFFE 
                       S       B                S
   21 00000048 F7654321 
                       NUM1    DCD              0xF7654321
   22 0000004C F2345678 
                       NUM2    DCD              0xF2345678
   23 00000050 00000000        AREA             MEMORY,DATA,READWRITE
   24 00000000 00000000 
                       RES     DCD              0
   25 00000004                 END
Command Line: --debug --xref --apcs=interwork --depend=.\ex1.d -o.\ex1.o -IC:\K
eil\ARM\RV31\INC -IC:\Keil\ARM\CMSIS\Include -IC:\Keil\ARM\Inc\Philips --predef
ine="__EVAL SETA 1" --list=.\ex1.lst "..\..\Experiment 3\Example 1\Ex1.asm"



ARM Macro Assembler    Page 1 Alphabetic symbol ordering
Relocatable symbols

NUM1 00000048

Symbol: NUM1
   Definitions
      At line 21 in file ..\..\Experiment
   Uses
      At line 3 in file ..\..\Experiment
Comment: NUM1 used once
NUM2 0000004C

Symbol: NUM2
   Definitions
      At line 22 in file ..\..\Experiment
   Uses
      At line 4 in file ..\..\Experiment
Comment: NUM2 used once
PROGRAM1 00000000

Symbol: PROGRAM1
   Definitions
      At line 1 in file ..\..\Experiment
   Uses
      None
Comment: PROGRAM1 unused
S 00000044

Symbol: S
   Definitions
      At line 20 in file ..\..\Experiment
   Uses
      At line 20 in file ..\..\Experiment
Comment: S used once
4 symbols



ARM Macro Assembler    Page 1 Alphabetic symbol ordering
Relocatable symbols

MEMORY 00000000

Symbol: MEMORY
   Definitions
      At line 23 in file ..\..\Experiment
   Uses
      None
Comment: MEMORY unused
RES 00000000

Symbol: RES
   Definitions
      At line 24 in file ..\..\Experiment
   Uses
      At line 5 in file ..\..\Experiment
Comment: RES used once
2 symbols
339 symbols in table
