


ARM Macro Assembler    Page 1 


    1 00000000                 AREA             ADDITION, CODE, READONLY
    2 00000000         ENTRY
    3 00000000         START
    4 00000000 E59F0038        LDR              R0,VALUE1+4
    5 00000004 E59F203C        LDR              R2,VALUE2+4
    6 00000008 E59F703C        LDR              R7,=RESULT
    7 0000000C E2877008        ADD              R7,R7,#8
    8 00000010 E0904002        ADDS             R4,R0,R2
    9 00000014 E5874000        STR              R4,[R7]
   10 00000018 E2477004        SUB              R7,R7,#4
   11 0000001C E59F1018        LDR              R1,VALUE1
   12 00000020 E59F301C        LDR              R3,VALUE2
   13 00000024 E0B15003        ADCS             R5,R1,R3
   14 00000028 E4875004        STR              R5,[R7],#4
   15 0000002C E3A06000        MOV              R6,#0
   16 00000030 E2A66000        ADC              R6,R6,#0
   17 00000034 E5876000        STR              R6,[R7]
   18 00000038 EAFFFFFE 
                       HERE    B                HERE
   19 0000003C FFA2E640 
              F2100123 VALUE1  DCD              0xFFA2E640,0xF2100123
   20 00000044 AA1019BF 
              40023F51 VALUE2  DCD              0xAA1019BF,0x40023F51
   21 0000004C 00000000        AREA             DATA2,DATA,READWRITE
   22 00000000 00000000 
              00000000 
              00000000 RESULT  DCD              0x0,0x0,0x0
   23 0000000C         
   24 0000000C                 END
Command Line: --debug --xref --apcs=interwork --depend=.\ex3.d -o.\ex3.o -IC:\K
eil\ARM\RV31\INC -IC:\Keil\ARM\CMSIS\Include -IC:\Keil\ARM\Inc\Philips --predef
ine="__EVAL SETA 1" --list=.\ex3.lst "..\..\Experiment 3\Example 3\Ex3.asm"



ARM Macro Assembler    Page 1 Alphabetic symbol ordering
Relocatable symbols

ADDITION 00000000

Symbol: ADDITION
   Definitions
      At line 1 in file ..\..\Experiment
   Uses
      None
Comment: ADDITION unused
ENTRY 00000000

Symbol: ENTRY
   Definitions
      At line 2 in file ..\..\Experiment
   Uses
      None
Comment: ENTRY unused
HERE 00000038

Symbol: HERE
   Definitions
      At line 18 in file ..\..\Experiment
   Uses
      At line 18 in file ..\..\Experiment
Comment: HERE used once
START 00000000

Symbol: START
   Definitions
      At line 3 in file ..\..\Experiment
   Uses
      None
Comment: START unused
VALUE1 0000003C

Symbol: VALUE1
   Definitions
      At line 19 in file ..\..\Experiment
   Uses
      At line 4 in file ..\..\Experiment
      At line 11 in file ..\..\Experiment

VALUE2 00000044

Symbol: VALUE2
   Definitions
      At line 20 in file ..\..\Experiment
   Uses
      At line 5 in file ..\..\Experiment
      At line 12 in file ..\..\Experiment

6 symbols



ARM Macro Assembler    Page 1 Alphabetic symbol ordering
Relocatable symbols

DATA2 00000000

Symbol: DATA2
   Definitions
      At line 21 in file ..\..\Experiment
   Uses
      None
Comment: DATA2 unused
RESULT 00000000

Symbol: RESULT
   Definitions
      At line 22 in file ..\..\Experiment
   Uses
      At line 6 in file ..\..\Experiment
Comment: RESULT used once
2 symbols
341 symbols in table
