


ARM Macro Assembler    Page 1 


    1 00000000                 AREA             ADDITION,CODE,READONLY
    2 00000000         ENTRY
    3 00000000         START
    4 00000000 E3A00000        MOV              R0,#0
    5 00000004 E3A0500A        MOV              R5,#10
    6 00000008 E59F6030        LDR              R6,=num_array
    7 0000000C         next_element
    8 0000000C E1D610B0        LDRH             R1,[R6]
    9 00000010         
   10 00000010 E0800001        ADD              R0,R0,R1
   11 00000014 E2866002        ADD              R6,R6,#2
   12 00000018 E2555001        SUBS             R5,R5,#1
   13 0000001C 1AFFFFFA        bne              next_element
   14 00000020         
   15 00000020 E59F401C        LDR              R4,=RESULT
   16 00000024 E5840000        STR              R0,[R4]
   17 00000028         
   18 00000028 EAFFFFFE 
                       here    b                here
   19 0000002C 11 11 22 
              22 33 33 
              44 44 55 
              55 66 66 
              AA AA BB 
              BB CC CC 
              DD DD    num_array
                               DCW              0x1111,0x2222,0x3333,0x4444,0x5
555,0x6666,0xAAAA,0xBBBB,0xCCCC,0xDDDD
   20 00000040         
   21 00000040 00000000 
              00000000         AREA             DATA2,DATA,READWRITE
   22 00000000 00000000 
              00000000 RESULT  DCD              0x0,0x0
   23 00000008                 END
Command Line: --debug --xref --apcs=interwork --depend=.\ex4.d -o.\ex4.o -IC:\K
eil\ARM\RV31\INC -IC:\Keil\ARM\CMSIS\Include -IC:\Keil\ARM\Inc\Philips --predef
ine="__EVAL SETA 1" --list=.\ex4.lst "..\..\Experiment 4\Ex4.asm"



ARM Macro Assembler    Page 1 Alphabetic symbol ordering
Relocatable symbols

ADDITION 00000000

Symbol: ADDITION
   Definitions
      At line 1 in file ..\..\Experiment
   Uses
      None
Comment: ADDITION unused
ENTRY 00000000

Symbol: ENTRY
   Definitions
      At line 2 in file ..\..\Experiment
   Uses
      None
Comment: ENTRY unused
START 00000000

Symbol: START
   Definitions
      At line 3 in file ..\..\Experiment
   Uses
      None
Comment: START unused
here 00000028

Symbol: here
   Definitions
      At line 18 in file ..\..\Experiment
   Uses
      At line 18 in file ..\..\Experiment
Comment: here used once
next_element 0000000C

Symbol: next_element
   Definitions
      At line 7 in file ..\..\Experiment
   Uses
      At line 13 in file ..\..\Experiment
Comment: next_element used once
num_array 0000002C

Symbol: num_array
   Definitions
      At line 19 in file ..\..\Experiment
   Uses
      At line 6 in file ..\..\Experiment
Comment: num_array used once
6 symbols



ARM Macro Assembler    Page 1 Alphabetic symbol ordering
Relocatable symbols

DATA2 00000000

Symbol: DATA2
   Definitions
      At line 21 in file ..\..\Experiment
   Uses
      None
Comment: DATA2 unused
RESULT 00000000

Symbol: RESULT
   Definitions
      At line 22 in file ..\..\Experiment
   Uses
      At line 15 in file ..\..\Experiment
Comment: RESULT used once
2 symbols
341 symbols in table
