


ARM Macro Assembler    Page 1 


    1 00000000                 AREA             PROGRAM,CODE,READONLY
    2 00000000         ENTRY
    3 00000000         MAIN
    4 00000000 E5DF102C        LDRB             R1,x
    5 00000004 E1DF22BA        LDRH             R2,y
    6 00000008 E59F4028        LDR              R4,=RESULT
    7 0000000C E0413002        SUB              R3,R1,R2
    8 00000010 E1C430B0        STRH             R3,[R4]
    9 00000014 E2844004        ADD              R4,R4,#4
   10 00000018 E0613002        RSB              R3,R1,R2
   11 0000001C E1C430B0        STRH             R3,[R4]
   12 00000020 E2844004        ADD              R4,R4,#4
   13 00000024 E0C13002        SBC              R3,R1,R2
   14 00000028 E1C430B0        STRH             R3,[R4]
   15 0000002C E2844004        ADD              R4,R4,#4
   16 00000030 EAFFFFFE 
                       stop    b                stop
   17 00000034 FF FF   x       DCW              -0X0001
   18 00000036 FF FF   y       DCW              -0x0001
   19 00000038         
   20 00000038 00000000        AREA             EXAMPLE,DATA,READWRITE
   21 00000000         ALIGN
   22 00000000 00 00   RESULT  DCW              0
   23 00000002                 END
Command Line: --debug --xref --apcs=interwork --depend=.\ex5.d -o.\ex5.o -IC:\K
eil\ARM\RV31\INC -IC:\Keil\ARM\CMSIS\Include -IC:\Keil\ARM\Inc\Philips --predef
ine="__EVAL SETA 1" --list=.\ex5.lst "..\..\Experiment 5\Ex5.asm"



ARM Macro Assembler    Page 1 Alphabetic symbol ordering
Relocatable symbols

ENTRY 00000000

Symbol: ENTRY
   Definitions
      At line 2 in file ..\..\Experiment
   Uses
      None
Comment: ENTRY unused
MAIN 00000000

Symbol: MAIN
   Definitions
      At line 3 in file ..\..\Experiment
   Uses
      None
Comment: MAIN unused
PROGRAM 00000000

Symbol: PROGRAM
   Definitions
      At line 1 in file ..\..\Experiment
   Uses
      None
Comment: PROGRAM unused
stop 00000030

Symbol: stop
   Definitions
      At line 16 in file ..\..\Experiment
   Uses
      At line 16 in file ..\..\Experiment
Comment: stop used once
x 00000034

Symbol: x
   Definitions
      At line 17 in file ..\..\Experiment
   Uses
      At line 4 in file ..\..\Experiment
Comment: x used once
y 00000036

Symbol: y
   Definitions
      At line 18 in file ..\..\Experiment
   Uses
      At line 5 in file ..\..\Experiment
Comment: y used once
6 symbols



ARM Macro Assembler    Page 1 Alphabetic symbol ordering
Relocatable symbols

ALIGN 00000000

Symbol: ALIGN
   Definitions
      At line 21 in file ..\..\Experiment
   Uses
      None
Comment: ALIGN unused
EXAMPLE 00000000

Symbol: EXAMPLE
   Definitions
      At line 20 in file ..\..\Experiment
   Uses
      None
Comment: EXAMPLE unused
RESULT 00000000

Symbol: RESULT
   Definitions
      At line 22 in file ..\..\Experiment
   Uses
      At line 6 in file ..\..\Experiment
Comment: RESULT used once
3 symbols
342 symbols in table
